<?xml version="1.0" encoding="UTF-8"?>
<!-- Generated by org.testng.reporters.JUnitXMLReporter -->
<testsuite ignored="0" hostname="AJINKYA" failures="0" tests="3" name="Default test" time="7.866" errors="0" timestamp="2022-09-03T22:46:32 IST">
  <testcase classname="RestAPI.PutPatchDeleteDemo" name="testDelete" time="4.212"/>
  <testcase classname="RestAPI.PutPatchDeleteDemo" name="testPatch" time="1.708"/>
  <testcase classname="RestAPI.PutPatchDeleteDemo" name="testPut" time="1.844"/>
</testsuite> <!-- Default test -->
