<?xml version="1.0" encoding="UTF-8"?>
<testng-results ignored="0" total="3" passed="3" failed="0" skipped="0">
  <reporter-output>
  </reporter-output>
  <suite started-at="2022-09-03T22:46:24 IST" name="Default suite" finished-at="2022-09-03T22:46:32 IST" duration-ms="7866">
    <groups>
    </groups>
    <test started-at="2022-09-03T22:46:24 IST" name="Default test" finished-at="2022-09-03T22:46:32 IST" duration-ms="7866">
      <class name="RestAPI.PutPatchDeleteDemo">
        <test-method signature="testDelete()[pri:0, instance:RestAPI.PutPatchDeleteDemo@5403f35f]" started-at="2022-09-03T22:46:24 IST" name="testDelete" finished-at="2022-09-03T22:46:28 IST" duration-ms="4212" status="PASS">
          <reporter-output>
          </reporter-output>
        </test-method> <!-- testDelete -->
        <test-method signature="testPatch()[pri:0, instance:RestAPI.PutPatchDeleteDemo@5403f35f]" started-at="2022-09-03T22:46:28 IST" name="testPatch" finished-at="2022-09-03T22:46:30 IST" duration-ms="1708" status="PASS">
          <reporter-output>
          </reporter-output>
        </test-method> <!-- testPatch -->
        <test-method signature="testPut()[pri:0, instance:RestAPI.PutPatchDeleteDemo@5403f35f]" started-at="2022-09-03T22:46:30 IST" name="testPut" finished-at="2022-09-03T22:46:31 IST" duration-ms="1844" status="PASS">
          <reporter-output>
          </reporter-output>
        </test-method> <!-- testPut -->
      </class> <!-- RestAPI.PutPatchDeleteDemo -->
    </test> <!-- Default test -->
  </suite> <!-- Default suite -->
</testng-results>
